"../../../Engine/Content/ArtTools/RenderToTexture/Enums/RenderToTexture_Enum.uasset" 0
"../../../Engine/Content/ArtTools/RenderToTexture/Enums/RenderToTexture_Flipbook_Enum.uasset" 1
"../../../Engine/Content/ArtTools/RenderToTexture/Enums/RenderToTexture_Imposter_Enum.uasset" 2
"../../../Engine/Content/EditorBlueprintResources/StandardMacros.uasset" 3
"../../../Engine/Content/ArtTools/RenderToTexture/Enums/EIntTypes.uasset" 4
"../../../Engine/Content/ArtTools/RenderToTexture/Macros/RenderToTextureFunctionLibrary.uasset" 5
"../../../Engine/Content/ArtTools/RenderToTexture/Enums/EFloatTypes.uasset" 6
"../../../Engine/Content/ArtTools/RenderToTexture/Macros/RenderToTextureMacros.uasset" 7
"../../../Engine/Content/EngineMaterials/T_Default_Material_Grid_N.uasset" 8
"../../../Engine/Content/EngineMaterials/T_Default_Material_Grid_M.uasset" 9
"../../../Engine/Content/Functions/Engine_MaterialFunctions01/Opacity/CameraDepthFade.uasset" 10
"../../../Engine/Content/EngineMaterials/WorldGridMaterial.uasset" 11
"../../../Engine/Content/ArtTools/RenderToTexture/Meshes/S_1_Unit_Plane.uasset" 12
"../../../Engine/Content/EngineMaterials/DefaultPhysicalMaterial.uasset" 13
"../../../Engine/Content/BufferVisualization/AmbientOcclusion.uasset" 14
"../../../Engine/Content/Functions/Engine_MaterialFunctions02/Utility/AppendMany.uasset" 15
"../../../Engine/Content/BufferVisualization/Anisotropy.uasset" 16
"../../../Engine/Content/BufferVisualization/CustomDepth.uasset" 17
"../../../Engine/Content/Functions/Engine_MaterialFunctions02/Utility/VectorLength.uasset" 18
"../../../Engine/Content/BufferVisualization/CustomDepthWorldUnits.uasset" 19
"../../../Engine/Content/EngineMaterials/MiniFont.uasset" 20
"../../../Engine/Content/Functions/Engine_MaterialFunctions02/Utility/MakeFloat3.uasset" 21
"../../../Engine/Content/Functions/Engine_MaterialFunctions02/Utility/MakeFloat2.uasset" 22
"../../../Engine/Content/Functions/Engine_MaterialFunctions02/ScreenResolution.uasset" 23
"../../../Engine/Content/Functions/Engine_MaterialFunctions02/Utility/BreakOutFloat2Components.uasset" 24
"../../../Engine/Content/Functions/Engine_MaterialFunctions01/Texturing/ScaleUVsByCenter.uasset" 25
"../../../Engine/Content/Functions/Engine_MaterialFunctions02/Texturing/ScreenAlignedUVs.uasset" 26
"../../../Engine/Content/BufferVisualization/CustomStencil.uasset" 27
"../../../Engine/Content/BufferVisualization/FinalImage.uasset" 28
"../../../Engine/Content/BufferVisualization/LightingModel.uasset" 29
"../../../Engine/Content/BufferVisualization/MaterialAO.uasset" 30
"../../../Engine/Content/BufferVisualization/Metallic.uasset" 31
"../../../Engine/Content/BufferVisualization/Opacity.uasset" 32
"../../../Engine/Content/BufferVisualization/PostTonemapHDRColor.uasset" 33
"../../../Engine/Content/BufferVisualization/PreTonemapHDRColor.uasset" 34
"../../../Engine/Content/BufferVisualization/Roughness.uasset" 35
"../../../Engine/Content/BufferVisualization/SceneColor.uasset" 36
"../../../Engine/Content/BufferVisualization/SceneDepth.uasset" 37
"../../../Engine/Content/BufferVisualization/SceneDepthWorldUnits.uasset" 38
"../../../Engine/Content/BufferVisualization/SeparateTranslucencyA.uasset" 39
"../../../Engine/Content/BufferVisualization/SeparateTranslucencyRGB.uasset" 40
"../../../Engine/Content/BufferVisualization/Specular.uasset" 41
"../../../Engine/Content/BufferVisualization/SubsurfaceColor.uasset" 42
"../../../Engine/Content/BufferVisualization/Velocity.uasset" 43
"../../../Engine/Content/BufferVisualization/WorldNormal.uasset" 44
"../../../Engine/Content/BufferVisualization/WorldTangent.uasset" 45
"../../../Engine/Content/EditorBlueprintResources/ActorMacros.uasset" 46
"../../../Engine/Content/EditorLandscapeResources/DataLayer.uasset" 47
"../../../Engine/Content/EditorLandscapeResources/DefaultAlphaTexture.uasset" 48
"../../../Engine/Content/EditorLandscapeResources/LandscapeGizmoHeight_Mat.uasset" 49
"../../../Engine/Content/EditorLandscapeResources/LandscapeGizmo_Mat.uasset" 50
"../../../Engine/Content/EditorLandscapeResources/LandscapeGizmo_Mat_Copied.uasset" 51
"../../../Engine/Content/EditorLandscapeResources/SplineEditorMeshMat.uasset" 52
"../../../Engine/Content/EditorLandscapeResources/SplineEditorMesh.uasset" 53
"../../../Engine/Content/EditorMaterials/GreyCheck.uasset" 54
"../../../Engine/Content/EditorMaterials/CheckMaterial.uasset" 55
"../../../Engine/Content/EditorMaterials/Cross.uasset" 56
"../../../Engine/Content/EditorMaterials/Cross_Mat.uasset" 57
"../../../Engine/Content/EditorResources/T_EditorHelp.uasset" 58
"../../../Engine/Content/Functions/Engine_MaterialFunctions02/Utility/Sign.uasset" 59
"../../../Engine/Content/Functions/Engine_MaterialFunctions02/Utility/Round.uasset" 60
"../../../Engine/Content/Functions/Engine_MaterialFunctions02/ExampleContent/Textures/DebugNumberPeriod.uasset" 61
"../../../Engine/Content/Functions/Engine_MaterialFunctions02/ExampleContent/DebugNumberStrip.uasset" 62
"../../../Engine/Content/EngineMaterials/DefaultDiffuse.uasset" 63
"../../../Engine/Content/Functions/Engine_MaterialFunctions01/Texturing/TextureCropping.uasset" 64
"../../../Engine/Content/Functions/Engine_MaterialFunctions01/Texturing/ComputeMipLevel.uasset" 65
"../../../Engine/Content/Functions/Engine_MaterialFunctions02/Utility/DebugScalarValues.uasset" 66
"../../../Engine/Content/Functions/Engine_MaterialFunctions02/Utility/DebugFloat2Values.uasset" 67
"../../../Engine/Content/Functions/Engine_MaterialFunctions02/ExampleContent/Textures/flipbook.uasset" 68
"../../../Engine/Content/Functions/Engine_MaterialFunctions02/Texturing/FlipBook.uasset" 69
"../../../Engine/Content/EditorMaterials/HelpActorMaterial.uasset" 70
"../../../Engine/Content/Functions/Engine_MaterialFunctions03/Procedurals/ComputeFilterWidth.uasset" 71
"../../../Engine/Content/EngineMaterials/BlendFunc_DefBlend.uasset" 72
"../../../Engine/Content/EngineMaterials/BlendFunc_DefBase.uasset" 73
"../../../Engine/Content/Functions/Engine_MaterialFunctions03/Blends/Blend_Screen.uasset" 74
"../../../Engine/Content/EditorMaterials/TilingAALineIntegral.uasset" 75
"../../../Engine/Content/EditorMaterials/TilingAALineBoxFiltered.uasset" 76
"../../../Engine/Content/EditorMaterials/TilingAAGrid.uasset" 77
"../../../Engine/Content/EditorMaterials/TilingAADots.uasset" 78
"../../../Engine/Content/EditorMaterials/CompositeARGBLayer.uasset" 79
"../../../Engine/Content/EditorMaterials/LevelGridMaterial.uasset" 80
"../../../Engine/Content/EditorResources/LevelGrid1DStripes.uasset" 81
"../../../Engine/Content/EditorMaterials/TextureGridCascaded1D.uasset" 82
"../../../Engine/Content/EditorMaterials/TextureGridCascaded2D.uasset" 83
"../../../Engine/Content/EditorMaterials/MakeCompositeARGBLayer.uasset" 84
"../../../Engine/Content/EditorMaterials/LevelGridMaterial2.uasset" 85
"../../../Engine/Content/EditorMaterials/MAT_Groups_Toggle.uasset" 86
"../../../Engine/Content/EditorMaterials/MAT_Groups_Visibility.uasset" 87
"../../../Engine/Content/EngineMaterials/Grid.uasset" 88
"../../../Engine/Content/EditorResources/TilePatine_N.uasset" 89
"../../../Engine/Content/EditorResources/TilePatine_D.uasset" 90
"../../../Engine/Content/EditorMaterials/AntialiasedGridFloor.uasset" 91
"../../../Engine/Content/EditorMaterials/PersonaFloorMat.uasset" 92
"../../../Engine/Content/EditorMaterials/PhAT_BoneSelectedMaterial.uasset" 93
"../../../Engine/Content/EditorMaterials/PhAT_ElemSelectedMaterial.uasset" 94
"../../../Engine/Content/EditorMaterials/PhAT_NoCollisionMaterial.uasset" 95
"../../../Engine/Content/EditorMaterials/PhAT_UnselectedMaterial.uasset" 96
"../../../Engine/Content/EditorMaterials/PreviewShadowIndicator.uasset" 97
"../../../Engine/Content/EditorMaterials/PreviewShadowIndicatorMaterial.uasset" 98
"../../../Engine/Content/EditorMaterials/TargetIcon.uasset" 99
"../../../Engine/Content/EditorMaterials/Tick.uasset" 100
"../../../Engine/Content/EditorMaterials/Tick_Mat.uasset" 101
"../../../Engine/Content/EditorMaterials/WidgetGridVertexColorMaterial.uasset" 102
"../../../Engine/Content/EditorMaterials/WidgetGridVertexColorMaterial_Ma.uasset" 103
"../../../Engine/Content/EditorMaterials/WidgetMaterial.uasset" 104
"../../../Engine/Content/EditorMaterials/WidgetMaterial_Current.uasset" 105
"../../../Engine/Content/EditorMaterials/WidgetMaterial_X.uasset" 106
"../../../Engine/Content/EditorMaterials/WidgetMaterial_Y.uasset" 107
"../../../Engine/Content/EditorMaterials/WidgetMaterial_Z.uasset" 108
"../../../Engine/Content/EditorMaterials/WidgetVertexColorMaterial.uasset" 109
"../../../Engine/Content/EditorMaterials/MatineeGroups/MAT_ColorTrack.uasset" 110
"../../../Engine/Content/EditorMaterials/MatineeGroups/MAT_Groups_Anim.uasset" 111
"../../../Engine/Content/EditorMaterials/MatineeGroups/MAT_Groups_AudioMaster.uasset" 112
"../../../Engine/Content/EditorMaterials/MatineeGroups/MAT_Groups_Director.uasset" 113
"../../../Engine/Content/EditorMaterials/MatineeGroups/MAT_Groups_Event.uasset" 114
"../../../Engine/Content/EditorMaterials/MatineeGroups/MAT_Groups_Fade.uasset" 115
"../../../Engine/Content/EditorMaterials/MatineeGroups/MAT_Groups_Float.uasset" 116
"../../../Engine/Content/EditorMaterials/MatineeGroups/MAT_Groups_Move.uasset" 117
"../../../Engine/Content/EditorMaterials/MatineeGroups/MAT_Groups_Slomo.uasset" 118
"../../../Engine/Content/EditorMaterials/MatineeGroups/MAT_Groups_Sound.uasset" 119
"../../../Engine/Content/EditorMaterials/MatineeGroups/MAT_Groups_Vector.uasset" 120
"../../../Engine/Content/EditorMaterials/ParticleSystems/PSysThumbnail_NoImage.uasset" 121
"../../../Engine/Content/EditorMaterials/ParticleSystems/PSysThumbnail_OOD.uasset" 122
"../../../Engine/Content/EditorMaterials/Thumbnails/FloorPlaneMaterial.uasset" 123
"../../../Engine/Content/EditorMeshes/EditorCube.uasset" 124
"../../../Engine/Content/EditorMeshes/EditorCylinder.uasset" 125
"../../../Engine/Content/EditorMeshes/EditorPlane.uasset" 126
"../../../Engine/Content/EditorMaterials/Thumbnails/SkySphereMaterial.uasset" 127
"../../../Engine/Content/EditorMeshes/EditorSkySphere.uasset" 128
"../../../Engine/Content/EditorMeshes/EditorSphere.uasset" 129
"../../../Engine/Content/EditorResources/MatineeCam_D.uasset" 130
"../../../Engine/Content/EditorMaterials/MatineeCam_mat.uasset" 131
"../../../Engine/Content/EditorMeshes/MatineeCam_SM.uasset" 132
"../../../Engine/Content/Functions/Engine_MaterialFunctions01/Shading/ConvertFromDiffSpec.uasset" 133
"../../../Engine/Content/EditorMaterials/GridMaterial.uasset" 134
"../../../Engine/Content/EditorMeshes/PhAT_FloorBox.uasset" 135
"../../../Engine/Content/EditorMeshes/PlanarReflectionPlane.uasset" 136
"../../../Engine/Content/EngineDebugMaterials/M_SimpleOpaque.uasset" 137
"../../../Engine/Content/EditorMaterials/Camera/MI_CineMat_CamViewFinder.uasset" 138
"../../../Engine/Content/EditorMaterials/Camera/CineMat.uasset" 139
"../../../Engine/Content/EditorMaterials/Camera/MI_CineMat_CameraBody.uasset" 140
"../../../Engine/Content/EditorMeshes/Camera/SM_CineCam.uasset" 141
"../../../Engine/Content/EditorMaterials/Camera/MI_CineMat_Rig.uasset" 142
"../../../Engine/Content/EditorMeshes/Camera/SM_CraneRig_Arm.uasset" 143
"../../../Engine/Content/EditorMeshes/Camera/SM_CraneRig_Base.uasset" 144
"../../../Engine/Content/EditorMeshes/Camera/SM_CraneRig_Body.uasset" 145
"../../../Engine/Content/EditorMeshes/Camera/SM_CraneRig_Mount.uasset" 146
"../../../Engine/Content/EditorMeshes/Camera/SM_RailRig_Mount.uasset" 147
"../../../Engine/Content/EditorMeshes/Camera/SM_RailRig_Track.uasset" 148
"../../../Engine/Content/EditorResources/Bad.uasset" 149
"../../../Engine/Content/EditorResources/BSPVertex.uasset" 150
"../../../Engine/Content/EditorResources/EmptyActor.uasset" 151
"../../../Engine/Content/EditorResources/MatInstActSprite.uasset" 152
"../../../Engine/Content/EditorResources/SceneManager.uasset" 153
"../../../Engine/Content/EditorResources/SmallFont.uasset" 154
"../../../Engine/Content/EditorResources/S_Actor.uasset" 155
"../../../Engine/Content/EditorResources/S_CameraShakeSource.uasset" 156
"../../../Engine/Content/EditorResources/S_DecalActorIcon.uasset" 157
"../../../Engine/Content/EditorResources/S_Emitter.uasset" 158
"../../../Engine/Content/EditorResources/S_ExpoHeightFog.uasset" 159
"../../../Engine/Content/EditorResources/S_FTest.uasset" 160
"../../../Engine/Content/EditorResources/S_KBSJoint.uasset" 161
"../../../Engine/Content/EditorResources/S_KHinge.uasset" 162
"../../../Engine/Content/EditorResources/S_KPrismatic.uasset" 163
"../../../Engine/Content/EditorResources/S_LevelSequence.uasset" 164
"../../../Engine/Content/EditorResources/S_NavP.uasset" 165
"../../../Engine/Content/EditorResources/S_Note.uasset" 166
"../../../Engine/Content/EditorResources/S_Player.uasset" 167
"../../../Engine/Content/EditorResources/S_PortalActorIcon2.uasset" 168
"../../../Engine/Content/EditorResources/S_RadForce.uasset" 169
"../../../Engine/Content/EditorResources/S_ReflActorIcon.uasset" 170
"../../../Engine/Content/EditorResources/S_SkyAtmosphere.uasset" 171
"../../../Engine/Content/EditorResources/S_Solver.uasset" 172
"../../../Engine/Content/EditorResources/S_Terrain.uasset" 173
"../../../Engine/Content/EditorResources/S_TextRenderActorIcon.uasset" 174
"../../../Engine/Content/EditorResources/S_Thruster.uasset" 175
"../../../Engine/Content/EditorResources/S_Trigger.uasset" 176
"../../../Engine/Content/EditorResources/S_VectorFieldVol.uasset" 177
"../../../Engine/Content/EditorResources/S_VolumetricCloud.uasset" 178
"../../../Engine/Content/EditorResources/S_WindDirectional.uasset" 179
"../../../Engine/Content/EditorResources/AI/S_NavLink.uasset" 180
"../../../Engine/Content/EditorResources/LightIcons/SkyLight.uasset" 181
"../../../Engine/Content/EditorResources/LightIcons/S_LightDirectional.uasset" 182
"../../../Engine/Content/EditorResources/LightIcons/S_LightDirectionalMove.uasset" 183
"../../../Engine/Content/EditorResources/LightIcons/S_LightError.uasset" 184
"../../../Engine/Content/EditorResources/LightIcons/S_LightPoint.uasset" 185
"../../../Engine/Content/EditorResources/LightIcons/S_LightPointMove.uasset" 186
"../../../Engine/Content/EditorResources/LightIcons/S_LightSpot.uasset" 187
"../../../Engine/Content/EditorResources/LightIcons/S_LightSpotMove.uasset" 188
"../../../Engine/Content/EditorResources/SequenceRecorder/Countdown.uasset" 189
"../../../Engine/Content/EditorResources/SequenceRecorder/RecordingIndicator.uasset" 190
"../../../Engine/Content/EditorResources/Spline/T_Loft_Spline.uasset" 191
"../../../Engine/Content/EditorSounds/Notifications/CompileSuccess.uasset" 192
"../../../Engine/Content/EditorSounds/Notifications/CompileStart_Cue.uasset" 193
"../../../Engine/Content/EngineDamageTypes/DmgTypeBP_Environmental.uasset" 194
"../../../Engine/Content/EngineDebugMaterials/HeatmapGradient.uasset" 195
"../../../Engine/Content/EngineDebugMaterials/BoneWeightMaterial.uasset" 196
"../../../Engine/Content/EngineDebugMaterials/ClothMaterial.uasset" 197
"../../../Engine/Content/EngineDebugMaterials/ClothMaterial_WF.uasset" 198
"../../../Engine/Content/EngineDebugMaterials/DebugEditorMaterial.uasset" 199
"../../../Engine/Content/EngineDebugMaterials/DebugMeshMaterial.uasset" 200
"../../../Engine/Content/EngineDebugMaterials/GeomMaterial.uasset" 201
"../../../Engine/Content/EngineDebugMaterials/LevelColorationLitMaterial.uasset" 202
"../../../Engine/Content/EngineDebugMaterials/LevelColorationUnlitMaterial.uasset" 203
"../../../Engine/Content/EngineMaterials/DefaultWhiteGrid.uasset" 204
"../../../Engine/Content/EngineDebugMaterials/MAT_LevelColorationLitLightmapUV.uasset" 205
"../../../Engine/Content/EngineDebugMaterials/M_SimpleUnlitTranslucent.uasset" 206
"../../../Engine/Content/EngineDebugMaterials/VolumeToRender.uasset" 207
"../../../Engine/Content/Functions/Engine_MaterialFunctions02/Utility/CameraDirectionVector.uasset" 208
"../../../Engine/Content/EngineDebugMaterials/M_VolumeRenderSphereTracePP.uasset" 209
"../../../Engine/Content/EngineMaterials/DefaultWhiteGrid_Low.uasset" 210
"../../../Engine/Content/EngineDebugMaterials/PhysicalMaterialMaskMaterial.uasset" 211
"../../../Engine/Content/EngineDebugMaterials/ShadedLevelColorationLitMaterial.uasset" 212
"../../../Engine/Content/EngineDebugMaterials/ShadedLevelColorationUnlitMateri.uasset" 213
"../../../Engine/Content/EngineDebugMaterials/VertexColorMaterial.uasset" 214
"../../../Engine/Content/EngineDebugMaterials/VertexColorViewMode_AlphaAsColor.uasset" 215
"../../../Engine/Content/EngineDebugMaterials/VertexColorViewMode_ColorOnly.uasset" 216
"../../../Engine/Content/EngineDebugMaterials/VertexColorViewMode_GreenOnly.uasset" 217
"../../../Engine/Content/EngineDebugMaterials/WireframeMaterial.uasset" 218
"../../../Engine/Content/EngineFonts/Faces/RobotoRegular.uasset" 219
"../../../Engine/Content/EngineFonts/Faces/RobotoLight.uasset" 220
"../../../Engine/Content/EngineFonts/Faces/RobotoItalic.uasset" 221
"../../../Engine/Content/EngineFonts/Faces/RobotoBoldItalic.uasset" 222
"../../../Engine/Content/EngineFonts/Faces/RobotoBold.uasset" 223
"../../../Engine/Content/EngineFonts/Faces/DroidSansFallback.uasset" 224
"../../../Engine/Content/EngineFonts/Roboto.uasset" 225
"../../../Engine/Content/EngineFonts/Faces/RobotoTiny.uasset" 226
"../../../Engine/Content/EngineFonts/RobotoTiny.uasset" 227
"../../../Engine/Content/EngineFonts/SmallFont.uasset" 228
"../../../Engine/Content/EngineFonts/TinyFont.uasset" 229
"../../../Engine/Content/EngineMaterials/BaseFlattenNormalMap.uasset" 230
"../../../Engine/Content/EngineMaterials/BaseFlattenGrayscaleMap.uasset" 231
"../../../Engine/Content/EngineMaterials/BaseFlattenEmissiveMap.uasset" 232
"../../../Engine/Content/EngineMaterials/BaseFlattenDiffuseMap.uasset" 233
"../../../Engine/Content/EngineMaterials/BaseFlattenMaterial.uasset" 234
"../../../Engine/Content/EngineResources/WhiteSquareTexture.uasset" 235
"../../../Engine/Content/EngineMaterials/BlinkingCaret.uasset" 236
"../../../Engine/Content/EngineMaterials/BlueNoise.uasset" 237
"../../../Engine/Content/EngineMaterials/DefaultBloomKernel.uasset" 238
"../../../Engine/Content/EngineMaterials/DefaultBokeh.uasset" 239
"../../../Engine/Content/EngineMaterials/DefaultDeferredDecalMaterial.uasset" 240
"../../../Engine/Content/EngineMaterials/DefaultLightFunctionMaterial.uasset" 241
"../../../Engine/Content/EngineMaterials/DefaultNormal.uasset" 242
"../../../Engine/Content/EngineMaterials/OrientParticle.uasset" 243
"../../../Engine/Content/EngineMaterials/DefaultParticle.uasset" 244
"../../../Engine/Content/EngineMaterials/DefaultPostProcessMaterial.uasset" 245
"../../../Engine/Content/EngineFonts/RobotoDistanceField.uasset" 246
"../../../Engine/Content/EngineMaterials/DefaultTextMaterialOpaque.uasset" 247
"../../../Engine/Content/EngineMaterials/EditorBrushMaterial.uasset" 248
"../../../Engine/Content/EngineMaterials/EmissiveMeshMaterial.uasset" 249
"../../../Engine/Content/EngineMaterials/GizmoMaterial.uasset" 250
"../../../Engine/Content/EngineMaterials/Good64x64TilingNoiseHighFreq.uasset" 251
"../../../Engine/Content/EngineMaterials/Grid_N.uasset" 252
"../../../Engine/Content/EngineMaterials/HighResolutionScreenshotMaskFunction.uasset" 253
"../../../Engine/Content/EngineMaterials/HighResScreenshot.uasset" 254
"../../../Engine/Content/EngineMaterials/HighResScreenshotCaptureRegion.uasset" 255
"../../../Engine/Content/EngineMaterials/HighResScreenshotMask.uasset" 256
"../../../Engine/Content/EngineMaterials/LandscapeHolePhysicalMaterial.uasset" 257
"../../../Engine/Content/EngineMaterials/InvalidLightmapSettings.uasset" 258
"../../../Engine/Content/EngineMaterials/M_InvalidLightmapSettings.uasset" 259
"../../../Engine/Content/EngineMaterials/PaperDiffuse.uasset" 260
"../../../Engine/Content/EngineMaterials/PaperNormal.uasset" 261
"../../../Engine/Content/Functions/Engine_MaterialFunctions02/WorldPositionOffset/CameraOffset.uasset" 262
"../../../Engine/Content/EngineMaterials/PhAT_JointLimitMaterial.uasset" 263
"../../../Engine/Content/EngineMaterials/PhysMat_Rubber.uasset" 264
"../../../Engine/Content/EngineMaterials/PreintegratedSkinBRDF.uasset" 265
"../../../Engine/Content/EngineMaterials/RemoveSurfaceMaterial.uasset" 266
"../../../Engine/Content/Functions/Engine_MaterialFunctions01/ImageAdjustment/sRGBToLinear.uasset" 267
"../../../Engine/Content/Functions/Engine_MaterialFunctions02/Utility/BreakOutFloat3Components.uasset" 268
"../../../Engine/Content/EngineMaterials/Widget3DCameraPassThrough_Opaque_OneSided.uasset" 269
"../../../Engine/Content/EngineMaterials/Widget3DPassThrough.uasset" 270
"../../../Engine/Content/EngineMaterials/Widget3DPassThrough_Masked.uasset" 271
"../../../Engine/Content/EngineMaterials/Widget3DPassThrough_Opaque.uasset" 272
"../../../Engine/Content/EngineMaterials/Widget3DPassThrough_Masked_OneSided.uasset" 273
"../../../Engine/Content/EngineMaterials/Widget3DPassThrough_Opaque_OneSided.uasset" 274
"../../../Engine/Content/EngineMaterials/Widget3DPassThrough_Translucent.uasset" 275
"../../../Engine/Content/EngineMaterials/Widget3DPassThrough_Translucent_OneSided.uasset" 276
"../../../Engine/Content/EngineMeshes/Sphere.uasset" 277
"../../../Engine/Content/EngineResources/Black.uasset" 278
"../../../Engine/Content/EngineResources/DefaultTextureCube.uasset" 279
"../../../Engine/Content/EngineResources/DefaultVolumeTexture2D.uasset" 280
"../../../Engine/Content/EngineResources/DefaultVolumeTexture.uasset" 281
"../../../Engine/Content/EngineResources/GradientTexture0.uasset" 282
"../../../Engine/Content/EngineSky/VolumetricClouds/T_NoiseShape64.uasset" 283
"../../../Engine/Content/EngineSky/VolumetricClouds/T_VolumeNoiseShape64.uasset" 284
"../../../Engine/Content/EngineSky/VolumetricClouds/T_NoiseErosion.uasset" 285
"../../../Engine/Content/EngineSky/VolumetricClouds/T_VolumeNoiseErosion32.uasset" 286
"../../../Engine/Content/EngineSky/VolumetricClouds/CloudWeatherTexture.uasset" 287
"../../../Engine/Content/EngineSky/VolumetricClouds/CloudGradientTexture.uasset" 288
"../../../Engine/Content/EngineSky/VolumetricClouds/m_SimpleVolumetricCloud.uasset" 289
"../../../Engine/Content/EngineSky/VolumetricClouds/m_SimpleVolumetricCloud_Inst.uasset" 290
"../../../Engine/Content/EngineSounds/Master.uasset" 291
"../../../Engine/Content/Functions/Engine_MaterialFunctions01/Shading/PowerToRoughness.uasset" 292
"../../../Engine/Content/Maps/Templates/Thumbnails/Default.uasset" 293
"../../../Engine/Content/Maps/Templates/Thumbnails/TimeOfDay.uasset" 294
"../../../Engine/Content/Maps/Templates/Thumbnails/VR-Basic.uasset" 295
"../../../Engine/Content/MobileResources/T_MobileControls_texture.uasset" 296
"../../../Engine/Content/MobileResources/T_MobileMenu2.uasset" 297
"../../../Engine/Content/MobileResources/HUD/AnalogHat.uasset" 298
"../../../Engine/Content/MobileResources/HUD/VirtualJoystick_Thumb.uasset" 299
"../../../Engine/Content/MobileResources/HUD/VirtualJoystick_Background.uasset" 300
"../../../Engine/Content/MobileResources/HUD/DefaultVirtualJoysticks.uasset" 301
"../../../Engine/Content/MobileResources/HUD/LeftVirtualJoystickOnly.uasset" 302
"../../../Engine/Content/MobileResources/HUD/MobileHUDButton1_off.uasset" 303
"../../../Engine/Content/MobileResources/HUD/MobileHUDButton1_on.uasset" 304
"../../../Engine/Content/MobileResources/HUD/MobileHUDButton2_off.uasset" 305
"../../../Engine/Content/MobileResources/HUD/MobileHUDButton2_on.uasset" 306
"../../../Engine/Content/MobileResources/HUD/MobileHUDButton3.uasset" 307
"../../../Engine/Content/MobileResources/HUD/MobileHUDButtonFire.uasset" 308
"../../../Engine/Content/MobileResources/HUD/MobileHUDDirectionPad.uasset" 309
"../../../Engine/Content/MobileResources/HUD/MobileHUDDirectionPad2.uasset" 310
"../../../Engine/Content/MobileResources/HUD/MobileHUDDirectionPad3.uasset" 311
"../../../Engine/Content/MobileResources/HUD/MobileHUDDirectionStick.uasset" 312
"../../../Engine/Content/MobileResources/HUD/T_Castle_ThumbstickInner.uasset" 313
"../../../Engine/Content/MobileResources/HUD/T_Castle_ThumbstickOutter.uasset" 314
"../../../Engine/Content/Tutorial/ContentIntroCurve.uasset" 315
"../../../Engine/Content/Tutorial/Basics/LevelEditorAttract.uasset" 316
"../../../Engine/Content/Tutorial/Basics/TutorialAssets/icon_tab_Levels_40x.uasset" 317
"../../../Engine/Content/Tutorial/Basics/LevelEditorOverview.uasset" 318
"../../../Engine/Content/Tutorial/BlueprintTutorials/TutorialAssets/Blueprint_64x.uasset" 319
"../../../Engine/Content/Tutorial/BlueprintTutorials/BlueprintEditorTutorial.uasset" 320
"../../../Engine/Content/Tutorial/BlueprintTutorials/TutorialAssets/Tutorial_BP_MacroLib.uasset" 321
"../../../Engine/Content/Tutorial/Installation/InstallingVisualStudioTutorial.uasset" 322
"../../../Engine/Content/VREditor/TransformGizmo/TranslucentTransformGizmoMaterial.uasset" 323
"../../../Engine/Content/VREditor/LaserPointer/VR_LaserPower_01.uasset" 324
"../../../Engine/Content/VREditor/TransformGizmo/TransformGizmoMaterial.uasset" 325
"../../../Engine/Content/VREditor/TransformGizmo/BoundingBoxCorner.uasset" 326
"../../../Engine/Content/VREditor/TransformGizmo/BoundingBoxEdge.uasset" 327
"../../../Engine/Content/VREditor/TransformGizmo/PlaneTranslationHandle.uasset" 328
"../../../Engine/Content/VREditor/TransformGizmo/Xray.uasset" 329
"../../../Engine/Content/VREditor/TransformGizmo/Main.uasset" 330
"../../../Engine/Content/VREditor/TransformGizmo/SM_Sequencer_Key.uasset" 331
"../../../Engine/Content/VREditor/TransformGizmo/SM_Sequencer_Node.uasset" 332
"../../../Engine/Content/EngineFonts/Faces/DroidSansMono.uasset" 333
"../../../Engine/Content/EngineFonts/DroidSansMono.uasset" 334
"../../../../../../gamedev/UE4_project/Alexey/Content/Alexey/UIX/MainWidget.uasset" 335
"../../../../../../gamedev/UE4_project/Alexey/Content/Download/StarterContent/Materials/M_Basic_Wall.uasset" 336
"../../../../../../gamedev/UE4_project/Alexey/Content/Download/StarterContent/Shapes/Shape_Sphere.uasset" 337
"../../../../../../gamedev/UE4_project/Alexey/Content/Download/StarterContent/Particles/Materials/m_flare_01.uasset" 338
"../../../../../../gamedev/UE4_project/Alexey/Content/Download/StarterContent/Textures/T_Explosion_SubUV.uasset" 339
"../../../../../../gamedev/UE4_project/Alexey/Content/Download/StarterContent/Particles/Materials/M_explosion_subUV.uasset" 340
"../../../../../../gamedev/UE4_project/Alexey/Content/Download/StarterContent/Textures/T_Burst_M.uasset" 341
"../../../../../../gamedev/UE4_project/Alexey/Content/Download/StarterContent/Particles/Materials/M_Burst.uasset" 342
"../../../../../../gamedev/UE4_project/Alexey/Content/Download/StarterContent/Textures/T_Smoke_Tiled_D.uasset" 343
"../../../../../../gamedev/UE4_project/Alexey/Content/Download/StarterContent/Textures/T_Smoke_SubUV.uasset" 344
"../../../../../../gamedev/UE4_project/Alexey/Content/Download/StarterContent/Particles/Materials/M_smoke_subUV.uasset" 345
"../../../Engine/Content/Functions/Engine_MaterialFunctions01/Gradient/RadialGradient.uasset" 346
"../../../../../../gamedev/UE4_project/Alexey/Content/Download/StarterContent/Particles/Materials/M_radial_ramp.uasset" 347
"../../../../../../gamedev/UE4_project/Alexey/Content/Download/StarterContent/Particles/P_Explosion.uasset" 348
"../../../../../../gamedev/UE4_project/Alexey/Content/Download/StarterContent/Audio/Explosion02.uasset" 349
"../../../../../../gamedev/UE4_project/Alexey/Content/Download/StarterContent/Audio/Explosion01.uasset" 350
"../../../../../../gamedev/UE4_project/Alexey/Content/Download/StarterContent/Audio/Explosion_Cue.uasset" 351
"../../../../../../gamedev/UE4_project/Alexey/Content/Alexey/Weapon/AmmoBase.uasset" 352
"../../../../../../gamedev/UE4_project/Alexey/Content/Alexey/Weapon/ammoAC.uasset" 353
"../../../Engine/Content/VREditor/Sounds/UI/Invalid_Action.uasset" 354
"../../../Engine/Content/BasicShapes/Cube.uasset" 355
"../../../Engine/Content/BasicShapes/BasicShapeMaterial.uasset" 356
"../../../../../../gamedev/UE4_project/Alexey/Content/Alexey/Weapon/WeaponBase.uasset" 357
"../../../../../../gamedev/UE4_project/Alexey/Content/Download/FirstPerson/FPWeapon/Textures/T_FPGun_N.uasset" 358
"../../../../../../gamedev/UE4_project/Alexey/Content/Download/FirstPerson/FPWeapon/Textures/T_FPGun_M.uasset" 359
"../../../../../../gamedev/UE4_project/Alexey/Content/Download/FirstPerson/FPWeapon/Materials/MaterialLayers/T_ML_Rubber_Blue_01_N.uasset" 360
"../../../../../../gamedev/UE4_project/Alexey/Content/Download/FirstPerson/FPWeapon/Materials/MaterialLayers/T_ML_Rubber_Blue_01_D.uasset" 361
"../../../../../../gamedev/UE4_project/Alexey/Content/Download/FirstPerson/FPWeapon/Materials/MaterialLayers/T_ML_Aluminum01_N.uasset" 362
"../../../../../../gamedev/UE4_project/Alexey/Content/Download/FirstPerson/FPWeapon/Materials/MaterialLayers/T_ML_Aluminum01.uasset" 363
"../../../../../../gamedev/UE4_project/Alexey/Content/Download/FirstPerson/FPWeapon/Materials/MaterialLayers/ML_SoftMetal_UE4.uasset" 364
"../../../../../../gamedev/UE4_project/Alexey/Content/Download/FirstPerson/FPWeapon/Materials/MaterialLayers/ML_Screen.uasset" 365
"../../../../../../gamedev/UE4_project/Alexey/Content/Download/FirstPerson/FPWeapon/Materials/MaterialLayers/ML_Plastic_Shiny_Beige.uasset" 366
"../../../../../../gamedev/UE4_project/Alexey/Content/Download/FirstPerson/FPWeapon/Materials/MaterialLayers/ML_GlossyBlack_Latex_UE4.uasset" 367
"../../../Engine/Content/Functions/MaterialLayerFunctions/MatLayerBlend_Simple.uasset" 368
"../../../Engine/Content/Functions/Engine_MaterialFunctions02/Utility/BlendAngleCorrectedNormals.uasset" 369
"../../../Engine/Content/Functions/MaterialLayerFunctions/MatLayerBlend_NormalBlend.uasset" 370
"../../../../../../gamedev/UE4_project/Alexey/Content/Download/FirstPerson/FPWeapon/Materials/M_FPGun.uasset" 371
"../../../../../../gamedev/UE4_project/Alexey/Content/Alexey/Weapon/SK_FPGun.uasset" 372
"../../../../../../gamedev/UE4_project/Alexey/Content/Alexey/Weapon/Gun.uasset" 373
"../../../../../../gamedev/UE4_project/Alexey/Content/Alexey/Interaction/iNTERACTBASE.uasset" 374
"../../../../../../gamedev/UE4_project/Alexey/Content/Alexey/Character/StatusHP.uasset" 375
"../../../../../../gamedev/UE4_project/Alexey/Content/AnimStarterPack/UE4_Mannequin/Mesh/SK_Mannequin_PhysicsAsset.uasset" 376
"../../../../../../gamedev/UE4_project/Alexey/Content/AnimStarterPack/UE4_Mannequin/Mesh/MainSkeleton.uasset" 377
"../../../Engine/Content/MapTemplates/Sky/DaylightAmbientCubemap.uasset" 378
"../../../Engine/Content/MapTemplates/Sky/DaylightAmbientCubemap_Mat.uasset" 379
"../../../Engine/Content/EngineResources/StreamingPauseIcon.uasset" 380
"../../../Engine/Content/EngineResources/M_StreamingPause.uasset" 381
"../../../../../../gamedev/UE4_project/Alexey/Content/AnimStarterPack/UE4_Mannequin/Mesh/MainMesh.uasset" 382
"../../../Engine/Content/VREditor/LaserPointer/LaserPointerMaterial.uasset" 383
"../../../Engine/Content/VREditor/LaserPointer/LaserPointerMaterial_Inst.uasset" 384
"../../../Engine/Content/VREditor/TransformGizmo/RotationHandleFull.uasset" 385
"../../../Engine/Content/EditorMeshes/ArcadeEditorSphere.uasset" 386
"../../../../../../gamedev/UE4_project/Alexey/Content/Alexey/Interaction/InteractTeleport.uasset" 387
"../../../Engine/Content/Animation/DefaultAnimCurveCompressionSettings.uasset" 388
"../../../Engine/Content/Animation/DefaultAnimBoneCompressionSettings.uasset" 389
"../../../../../../gamedev/UE4_project/Alexey/Content/AnimStarterPack/Sprint_Fwd_Rifle.uasset" 390
"../../../../../../gamedev/UE4_project/Alexey/Content/AnimStarterPack/Jog_Rt_Rifle.uasset" 391
"../../../../../../gamedev/UE4_project/Alexey/Content/AnimStarterPack/Jog_Lt_Rifle.uasset" 392
"../../../../../../gamedev/UE4_project/Alexey/Content/AnimStarterPack/Jog_Fwd_Rifle.uasset" 393
"../../../../../../gamedev/UE4_project/Alexey/Content/AnimStarterPack/Jog_Bwd_Rifle.uasset" 394
"../../../../../../gamedev/UE4_project/Alexey/Content/AnimStarterPack/Idle_Rifle_Hip.uasset" 395
"../../../../../../gamedev/UE4_project/Alexey/Content/Alexey/Animation/LocomotionRifleHip.uasset" 396
"../../../../../../gamedev/UE4_project/Alexey/Content/AnimStarterPack/Crouch_Walk_Rt_Rifle_Ironsights.uasset" 397
"../../../../../../gamedev/UE4_project/Alexey/Content/AnimStarterPack/Crouch_Walk_Lt_Rifle_Ironsights.uasset" 398
"../../../../../../gamedev/UE4_project/Alexey/Content/AnimStarterPack/Crouch_Walk_Fwd_Rifle_Ironsights.uasset" 399
"../../../../../../gamedev/UE4_project/Alexey/Content/AnimStarterPack/Crouch_Walk_Bwd_Rifle_Ironsights.uasset" 400
"../../../../../../gamedev/UE4_project/Alexey/Content/AnimStarterPack/Crouch_Idle_Rifle_Ironsights.uasset" 401
"../../../../../../gamedev/UE4_project/Alexey/Content/Alexey/Animation/LocomotionCrouch.uasset" 402
"../../../../../../gamedev/UE4_project/Alexey/Content/AnimStarterPack/Walk_Rt_Rifle_Ironsights.uasset" 403
"../../../../../../gamedev/UE4_project/Alexey/Content/AnimStarterPack/Walk_Lt_Rifle_Ironsights.uasset" 404
"../../../../../../gamedev/UE4_project/Alexey/Content/AnimStarterPack/Walk_Fwd_Rifle_Ironsights.uasset" 405
"../../../../../../gamedev/UE4_project/Alexey/Content/AnimStarterPack/Walk_Bwd_Rifle_Ironsights.uasset" 406
"../../../../../../gamedev/UE4_project/Alexey/Content/AnimStarterPack/Idle_Rifle_Ironsights.uasset" 407
"../../../../../../gamedev/UE4_project/Alexey/Content/Alexey/Animation/LocomotionAiming.uasset" 408
"../../../../../../gamedev/UE4_project/Alexey/Content/Alexey/Animation/MainAnimBP.uasset" 409
"../../../../../../gamedev/UE4_project/Alexey/Content/AnimStarterPack/Jump_From_Stand.uasset" 410
"../../../../../../gamedev/UE4_project/Alexey/Content/Alexey/Animation/Jump_From_Stand_Montage.uasset" 411
"../../../../../../gamedev/UE4_project/Alexey/Content/AnimStarterPack/Hit_React_1.uasset" 412
"../../../../../../gamedev/UE4_project/Alexey/Content/Alexey/Animation/Hit_React_1_Montage.uasset" 413
"../../../../../../gamedev/UE4_project/Alexey/Content/AnimStarterPack/Fire_Shotgun_Hip.uasset" 414
"../../../../../../gamedev/UE4_project/Alexey/Content/Alexey/Animation/Fire_Shotgun_Hip_Montage.uasset" 415
"../../../../../../gamedev/UE4_project/Alexey/Content/Alexey/Main/Teams.uasset" 416
"../../../Engine/Content/VREditor/Devices/Vive/VivePreControllerSpec.uasset" 417
"../../../Engine/Content/VREditor/Devices/Vive/VivePreController_MasksA.uasset" 418
"../../../Engine/Content/VREditor/Devices/Vive/VivePreControllerDiffuse.uasset" 419
"../../../Engine/Content/VREditor/Devices/Vive/T_VivePreController_EM.uasset" 420
"../../../Engine/Content/VREditor/Devices/Vive/VivePreController_MasksB.uasset" 421
"../../../Engine/Content/VREditor/Devices/Vive/VivePreControllerMaterial.uasset" 422
"../../../../../../gamedev/UE4_project/Alexey/Content/Alexey/Character/MainCharacter.uasset" 423
"../../../../../../gamedev/UE4_project/Alexey/Content/Alexey/Main/MainController.uasset" 424
"../../../../../../gamedev/UE4_project/Alexey/Content/Alexey/Main/MainGM.uasset" 425
"../../../../../../gamedev/UE4_project/Alexey/Content/AnimStarterPack/UE4_Mannequin/Textures/UE4Man_Logo_N.uasset" 426
"../../../../../../gamedev/UE4_project/Alexey/Content/AnimStarterPack/UE4_Mannequin/Textures/UE4_Mannequin_occlusion_Mobile.uasset" 427
"../../../../../../gamedev/UE4_project/Alexey/Content/AnimStarterPack/UE4_Mannequin/Textures/UE4_Mannequin_MAT_MASKA.uasset" 428
"../../../../../../gamedev/UE4_project/Alexey/Content/AnimStarterPack/UE4_Mannequin/Textures/UE4_Mannequin__normals.uasset" 429
"../../../../../../gamedev/UE4_project/Alexey/Content/AnimStarterPack/UE4_Mannequin/Materials/MaterialLayers/T_ML_Aluminum01_N.uasset" 430
"../../../../../../gamedev/UE4_project/Alexey/Content/AnimStarterPack/UE4_Mannequin/Materials/MaterialLayers/T_ML_Aluminum01.uasset" 431
"../../../../../../gamedev/UE4_project/Alexey/Content/AnimStarterPack/UE4_Mannequin/Materials/MaterialLayers/ML_SoftMetal_UE4.uasset" 432
"../../../../../../gamedev/UE4_project/Alexey/Content/AnimStarterPack/UE4_Mannequin/Textures/UE4_LOGO_CARD.uasset" 433
"../../../../../../gamedev/UE4_project/Alexey/Content/AnimStarterPack/UE4_Mannequin/Materials/MaterialLayers/ML_Plastic_Shiny_Beige_LOGO.uasset" 434
"../../../../../../gamedev/UE4_project/Alexey/Content/AnimStarterPack/UE4_Mannequin/Materials/MaterialLayers/ML_Plastic_Shiny_Beige.uasset" 435
"../../../../../../gamedev/UE4_project/Alexey/Content/AnimStarterPack/UE4_Mannequin/Materials/MaterialLayers/T_ML_Rubber_Blue_01_N.uasset" 436
"../../../../../../gamedev/UE4_project/Alexey/Content/AnimStarterPack/UE4_Mannequin/Materials/MaterialLayers/T_ML_Rubber_Blue_01_D.uasset" 437
"../../../../../../gamedev/UE4_project/Alexey/Content/AnimStarterPack/UE4_Mannequin/Materials/MaterialLayers/ML_GlossyBlack_Latex_UE4.uasset" 438
"../../../Engine/Content/Functions/MaterialLayerFunctions/MatLayerBlend_AO.uasset" 439
"../../../../../../gamedev/UE4_project/Alexey/Content/AnimStarterPack/UE4_Mannequin/Materials/M_UE4Man_Body.uasset" 440
"../../../../../../gamedev/UE4_project/Alexey/Content/AnimStarterPack/UE4_Mannequin/Materials/M_UE4Man_ChestLogo.uasset" 441
"../../../../../../gamedev/UE4_project/Alexey/Content/AnimStarterPack/UE4_Mannequin/Mesh/SK_Mannequin.uasset" 442
"../../../../../../gamedev/UE4_project/Alexey/Content/Download/FirstPerson/Meshes/BaseMaterial.uasset" 443
"../../../../../../gamedev/UE4_project/Alexey/Content/Download/FirstPerson/Meshes/CubeMaterialOverride.uasset" 444
"../../../../../../gamedev/UE4_project/Alexey/Content/Download/StarterContent/Textures/T_MacroVariation.uasset" 445
"../../../../../../gamedev/UE4_project/Alexey/Content/Download/StarterContent/Materials/M_Metal_Chrome.uasset" 446
"../../Plugins/2D/Paper2D/Content/PlaceholderTextures/DummySpriteTexture.uasset" 447
"../../Plugins/2D/Paper2D/Content/DummySprite.uasset" 448
"../../Plugins/2D/Paper2D/Content/DefaultPaperTerrainMaterial.uasset" 449
"../../Plugins/2D/Paper2D/Content/DefaultSpriteMaterial.uasset" 450
"../../Plugins/2D/Paper2D/Content/MaskedUnlitSpriteMaterial.uasset" 451
"../../Plugins/2D/Paper2D/Content/OpaqueUnlitSpriteMaterial.uasset" 452
"../../Plugins/Editor/SpeedTreeImporter/Content/SpeedTree9/UnpackInteger3.uasset" 453
"../../Plugins/Editor/SpeedTreeImporter/Content/SpeedTree9/UnpackDirection.uasset" 454
"../../Plugins/Editor/SpeedTreeImporter/Content/SpeedTree9/game_wind_noise.uasset" 455
"../../../Engine/Content/Functions/Engine_MaterialFunctions02/SafeNormalize.uasset" 456
"../../Plugins/Editor/SpeedTreeImporter/Content/SpeedTree9/SpeedTreeWindMotion.uasset" 457
"../../Plugins/Editor/SpeedTreeImporter/Content/SpeedTree9/SpeedTreeBranchMotion.uasset" 458
"../../../Engine/Content/Functions/Engine_MaterialFunctions02/ObjectLocalBounds.uasset" 459
"../../../Engine/Content/Functions/Engine_MaterialFunctions02/UVs/BoundingBoxBased_0-1_UVW.uasset" 460
"../../Plugins/Editor/SpeedTreeImporter/Content/SpeedTree9/SpeedTreeWind.uasset" 461
"../../Plugins/Editor/SpeedTreeImporter/Content/SpeedTree9/SpeedTreeBillboard.uasset" 462
"../../../Engine/Content/EngineResources/DefaultTexture.uasset" 463
"../../Plugins/Editor/SpeedTreeImporter/Content/SpeedTree9/SpeedTreeBillboardMaster.uasset" 464
"../../Plugins/Editor/SpeedTreeImporter/Content/SpeedTree9/SpeedTreeCameraFacing.uasset" 465
"../../Plugins/Editor/SpeedTreeImporter/Content/SpeedTree9/SpeedTreeMaster.uasset" 466
"../../Plugins/FX/Niagara/Content/Enums/ENiagaraAnimTrailWidthMode.uasset" 467
"../../Plugins/FX/Niagara/Content/Enums/ENiagaraArraySamplingMode.uasset" 468
"../../Plugins/FX/Niagara/Content/Enums/ENiagaraBoneSamplingMode.uasset" 469
"../../Plugins/FX/Niagara/Content/Enums/ENiagaraBoneSocketSamplingMode.uasset" 470
"../../Plugins/FX/Niagara/Content/Enums/ENiagaraBooleanLogicOps.uasset" 471
"../../Plugins/FX/Niagara/Content/Enums/ENiagaraBooleanLogicOps_v2.uasset" 472
"../../Plugins/FX/Niagara/Content/Enums/ENiagaraCalculateRadiusOptions.uasset" 473
"../../Plugins/FX/Niagara/Content/Enums/ENiagaraChannelCorrelation.uasset" 474
"../../Plugins/FX/Niagara/Content/Enums/ENiagaraCollisionRadiusOptions.uasset" 475
"../../Plugins/FX/Niagara/Content/Enums/ENiagaraCoordinateSpace.uasset" 476
"../../Plugins/FX/Niagara/Content/Enums/ENiagaraCurlNoiseQuality.uasset" 477
"../../Plugins/FX/Niagara/Content/Enums/ENiagaraEmitterLifeCycleMode.uasset" 478
"../../Plugins/FX/Niagara/Content/Enums/ENiagaraEmitterScalabilityMode.uasset" 479
"../../Plugins/FX/Niagara/Content/Enums/ENiagaraEmitterScalabilityMode_Limited.uasset" 480
"../../Plugins/FX/Niagara/Content/Enums/ENiagaraExecutionStateManagement.uasset" 481
"../../Plugins/FX/Niagara/Content/Enums/ENiagaraExpansionMode.uasset" 482
"../../Plugins/FX/Niagara/Content/Enums/ENiagaraFrictionMergeType.uasset" 483
"../../Plugins/FX/Niagara/Content/Enums/ENiagaraGPUDepthResponseType.uasset" 484
"../../Plugins/FX/Niagara/Content/Enums/ENiagaraGridPlacementType.uasset" 485
"../../Plugins/FX/Niagara/Content/Enums/ENiagaraInactiveMode.uasset" 486
"../../Plugins/FX/Niagara/Content/Enums/ENiagaraKillVolumeOptions.uasset" 487
"../../Plugins/FX/Niagara/Content/Enums/ENiagaraLinearColor_Channels.uasset" 488
"../../Plugins/FX/Niagara/Content/Enums/ENiagaraMassByVolume.uasset" 489
"../../Plugins/FX/Niagara/Content/Enums/ENiagaraMassCalculationForRendererTypes.uasset" 490
"../../Plugins/FX/Niagara/Content/Enums/ENiagaraMeshOrSprite.uasset" 491
"../../Plugins/FX/Niagara/Content/Enums/ENiagaraMeshSamplingMode.uasset" 492
"../../Plugins/FX/Niagara/Content/Enums/ENiagaraMeshSurfaceSamplingMode.uasset" 493
"../../Plugins/FX/Niagara/Content/Enums/ENiagaraMeshTransforms.uasset" 494
"../../Plugins/FX/Niagara/Content/Enums/ENiagaraMinOrMax.uasset" 495
"../../Plugins/FX/Niagara/Content/Enums/ENiagaraNumericVariableTypes.uasset" 496
"../../Plugins/FX/Niagara/Content/Enums/ENiagaraOrientationAxis.uasset" 497
"../../Plugins/FX/Niagara/Content/Enums/ENiagaraQuaternionDerivationTechnique.uasset" 498
"../../Plugins/FX/Niagara/Content/Enums/ENiagaraRandomnessEvaluation.uasset" 499
"../../Plugins/FX/Niagara/Content/Enums/ENiagaraRandomnessMode.uasset" 500
"../../Plugins/FX/Niagara/Content/Enums/ENiagaraRestitutionMergeType.uasset" 501
"../../Plugins/FX/Niagara/Content/Enums/ENiagaraScaleColorMode.uasset" 502
"../../Plugins/FX/Niagara/Content/Enums/ENiagaraSimulationTarget.uasset" 503
"../../Plugins/FX/Niagara/Content/Enums/ENiagaraSkeletalSpawning.uasset" 504
"../../Plugins/FX/Niagara/Content/Enums/ENiagaraSkelSamplingFilteringMode.uasset" 505
"../../Plugins/FX/Niagara/Content/Enums/ENiagaraSkelSamplingModeFull.uasset" 506
"../../Plugins/FX/Niagara/Content/Enums/ENiagaraSocketSamplingMode.uasset" 507
"../../Plugins/FX/Niagara/Content/Enums/ENiagaraSphereDistributionMode.uasset" 508
"../../Plugins/FX/Niagara/Content/Enums/ENiagaraSUbUVAnimationMode.uasset" 509
"../../Plugins/FX/Niagara/Content/Enums/ENiagaraSystemInactiveMode.uasset" 510
"../../Plugins/FX/Niagara/Content/Enums/ENiagaraTorusDistributionMode.uasset" 511
"../../Plugins/FX/Niagara/Content/Enums/ENiagaraTorusMode.uasset" 512
"../../Plugins/FX/Niagara/Content/Enums/ENiagaraTriangleSamplingMode.uasset" 513
"../../Plugins/FX/Niagara/Content/Enums/ENiagaraVector2_Channels.uasset" 514
"../../Plugins/FX/Niagara/Content/Enums/ENiagaraVector3_Channels.uasset" 515
"../../Plugins/FX/Niagara/Content/Enums/ENiagaraVector4_Channels.uasset" 516
"../../Plugins/FX/Niagara/Content/Enums/ENiagaraVertexFilteringMode.uasset" 517
"../../Plugins/FX/Niagara/Content/Enums/ENiagaraVertexSamplingMode.uasset" 518
"../../Plugins/FX/Niagara/Content/Enums/ENiagara_AudioParamType.uasset" 519
"../../Plugins/FX/Niagara/Content/Enums/ENiagara_BankOnTurns.uasset" 520
"../../Plugins/FX/Niagara/Content/Enums/ENiagara_CameraMeshOrientation.uasset" 521
"../../Plugins/FX/Niagara/Content/Enums/ENiagara_CameraProperties.uasset" 522
"../../Plugins/FX/Niagara/Content/Enums/ENiagara_CollisionType.uasset" 523
"../../Plugins/FX/Niagara/Content/Enums/ENiagara_ColorInitializationMode.uasset" 524
"../../Plugins/FX/Niagara/Content/Enums/ENiagara_CPUCollisionType.uasset" 525
"../../Plugins/FX/Niagara/Content/Enums/ENiagara_DirectReadApplicationMode.uasset" 526
"../../Plugins/FX/Niagara/Content/Enums/ENiagara_DirectReadParticleIDSampling.uasset" 527
"../../Plugins/FX/Niagara/Content/Enums/ENiagara_DirectReadSamplingMode.uasset" 528
"../../Plugins/FX/Niagara/Content/Enums/ENiagara_EmitterLocSamplingMode.uasset" 529
"../../Plugins/FX/Niagara/Content/Enums/ENiagara_EmitterStateOptions.uasset" 530
"../../Plugins/FX/Niagara/Content/Enums/ENiagara_FadeOperationType.uasset" 531
"../../Plugins/FX/Niagara/Content/Enums/ENiagara_Float4Channel.uasset" 532
"../../Plugins/FX/Niagara/Content/Enums/ENiagara_GPUCollisionType.uasset" 533
"../../Plugins/FX/Niagara/Content/Enums/ENiagara_IDAttributes.uasset" 534
"../../Plugins/FX/Niagara/Content/Enums/ENiagara_InfiniteLoopDuration.uasset" 535
"../../Plugins/FX/Niagara/Content/Enums/ENiagara_LifetimeInheritanceOptions.uasset" 536
"../../Plugins/FX/Niagara/Content/Enums/ENiagara_LifetimeMode.uasset" 537
"../../Plugins/FX/Niagara/Content/Enums/ENiagara_MassInitializationMode.uasset" 538
"../../Plugins/FX/Niagara/Content/Enums/ENiagara_MultipleLerpCount.uasset" 539
"../../Plugins/FX/Niagara/Content/Enums/ENiagara_PositionInitializationMode.uasset" 540
"../../Plugins/FX/Niagara/Content/Enums/ENiagara_RotationDefinitionApproach.uasset" 541
"../../Plugins/FX/Niagara/Content/Enums/ENiagara_SizeScaleMode.uasset" 542
"../../Plugins/FX/Niagara/Content/Enums/ENiagara_SpawnBurstMode.uasset" 543
"../../Plugins/FX/Niagara/Content/Enums/ENiagara_SpriteRotationMode.uasset" 544
"../../Plugins/FX/Niagara/Content/Enums/ENiagara_SubUVLookupMode.uasset" 545
"../../Plugins/FX/Niagara/Content/Enums/ENiagara_TransformBaseOptions.uasset" 546
"../../Plugins/FX/Niagara/Content/Enums/ENiagara_TransformMode.uasset" 547
"../../Plugins/FX/Niagara/Content/Enums/ENiagara_TransformOrientationMode.uasset" 548
"../../Plugins/FX/Niagara/Content/Enums/ENiagara_UVFlippingMode.uasset" 549
"../../Plugins/FX/Niagara/Content/Enums/Niagara_Units.uasset" 550
"../../Plugins/FX/Niagara/Content/Enums/CascadeConversion/ECascadeNiagaraOrbitChainMode.uasset" 551
"../../Plugins/FX/Niagara/Content/Enums/CascadeConversion/ECascadeNiagaraTwoVectorChannels.uasset" 552
"../../Plugins/FX/Niagara/Content/Icons/S_ParticleSystem.uasset" 553
"../../Plugins/Enterprise/DatasmithContent/Content/Materials/FBXImporter/VRED/VREDRepeatMode.uasset" 554
"../../../Engine/Content/Functions/Engine_MaterialFunctions02/Texturing/CustomRotator.uasset" 555
"../../Plugins/Enterprise/DatasmithContent/Content/Materials/FBXImporter/VRED/UVMapping.uasset" 556
"../../../Engine/Content/Functions/Engine_MaterialFunctions02/WorldPositionOffset/LocalPosition.uasset" 557
"../../../Engine/Content/Functions/Engine_MaterialFunctions02/WorldPositionOffset/ObjectScale.uasset" 558
"../../Plugins/Enterprise/DatasmithContent/Content/Materials/FBXImporter/VRED/TriplanarMapping.uasset" 559
"../../Plugins/Enterprise/DatasmithContent/Content/Materials/FBXImporter/VRED/PlanarMapping.uasset" 560
"../../Plugins/Enterprise/DatasmithContent/Content/Materials/FBXImporter/VRED/VREDTextureRead.uasset" 561
"../../../Engine/Content/Functions/Engine_MaterialFunctions01/Texturing/FlattenNormal.uasset" 562
"../../Plugins/Enterprise/DatasmithContent/Content/Materials/FBXImporter/VRED/ProcessNormal.uasset" 563
"../../../Engine/Content/Functions/Engine_MaterialFunctions01/Texturing/BakedDisplacement.uasset" 564
"../../Plugins/Enterprise/DatasmithContent/Content/Materials/FBXImporter/VRED/Chrome.uasset" 565
"../../../Engine/Content/EngineMaterials/DefaultMaterial.uasset" 566
"../../../Engine/Content/BasicShapes/Cylinder.uasset" 567
"../../../Engine/Content/ArtTools/RenderToTexture/Materials/Debug/M_Emissive_Color.uasset" 568
"../../Plugins/Lumin/MagicLeapPassableWorld/Content/MagicLeapARPinInfoActor.uasset" 569
"../../Plugins/Media/MediaCompositing/Content/DefaultMediaPlaneTexture.uasset" 570
"../../Plugins/Media/MediaCompositing/Content/DefaultMediaPlaneMaterial.uasset" 571
"../../../Engine/Content/Functions/Engine_MaterialFunctions02/Utility/BreakOutFloat4Components.uasset" 572
"../../Plugins/Runtime/Oculus/OculusVR/Content/Materials/OculusMR_ChromaKey.uasset" 573
"../../Plugins/Runtime/Oculus/OculusVR/Content/Materials/OculusMR_OpaqueColoredMaterial.uasset" 574
"../../Plugins/Runtime/Oculus/OculusVR/Content/Materials/PokeAHoleMaterial.uasset" 575
"../../../Engine/Content/Maps/Entry_BuiltData.uasset" 576
"../../../Engine/Content/Maps/Entry.umap" 577
"../../../../../../gamedev/UE4_project/Alexey/Content/Download/StarterContent/Particles/Materials/M_Radial_Gradient.uasset" 578
"../../../../../../gamedev/UE4_project/Alexey/Content/Download/StarterContent/Textures/T_Water_N.uasset" 579
"../../../../../../gamedev/UE4_project/Alexey/Content/Download/StarterContent/Particles/Materials/M_Heat_Distortion.uasset" 580
"../../../../../../gamedev/UE4_project/Alexey/Content/Download/StarterContent/Textures/T_Fire_Tiled_D.uasset" 581
"../../../../../../gamedev/UE4_project/Alexey/Content/Download/StarterContent/Textures/T_Fire_SubUV.uasset" 582
"../../../../../../gamedev/UE4_project/Alexey/Content/Download/StarterContent/Particles/Materials/M_Fire_SubUV.uasset" 583
"../../../../../../gamedev/UE4_project/Alexey/Content/Download/StarterContent/Particles/P_Fire.uasset" 584
"../../../../../../gamedev/UE4_project/Alexey/Content/Download/StarterContent/Architecture/Wall_Window_400x400.uasset" 585
"../../../../../../gamedev/UE4_project/Alexey/Content/Download/StarterContent/Architecture/Wall_Window_400x300.uasset" 586
"../../../../../../gamedev/UE4_project/Alexey/Content/Download/StarterContent/Architecture/Wall_Door_400x300.uasset" 587
"../../../../../../gamedev/UE4_project/Alexey/Content/Download/StarterContent/Architecture/Wall_400x300.uasset" 588
"../../../../../../gamedev/UE4_project/Alexey/Content/Download/StarterContent/Textures/T_Chair_N.uasset" 589
"../../../../../../gamedev/UE4_project/Alexey/Content/Download/StarterContent/Textures/T_Chair_M.uasset" 590
"../../../../../../gamedev/UE4_project/Alexey/Content/Download/StarterContent/Props/Materials/M_Chair.uasset" 591
"../../../../../../gamedev/UE4_project/Alexey/Content/Download/StarterContent/Textures/T_Water_M.uasset" 592
"../../../../../../gamedev/UE4_project/Alexey/Content/Download/StarterContent/Textures/T_Perlin_Noise_M.uasset" 593
"../../../../../../gamedev/UE4_project/Alexey/Content/Download/StarterContent/Materials/M_Water_Ocean.uasset" 594
"../../../../../../gamedev/UE4_project/Alexey/Content/Download/StarterContent/Materials/M_Water_Lake.uasset" 595
"../../../../../../gamedev/UE4_project/Alexey/Content/Download/StarterContent/Textures/T_Tech_Hex_Tile_N.uasset" 596
"../../../../../../gamedev/UE4_project/Alexey/Content/Download/StarterContent/Textures/T_Tech_Hex_Tile_M.uasset" 597
"../../../../../../gamedev/UE4_project/Alexey/Content/Download/StarterContent/Materials/M_Tech_Hex_Tile_Pulse.uasset" 598
"../../../../../../gamedev/UE4_project/Alexey/Content/Download/StarterContent/Materials/M_Tech_Hex_Tile.uasset" 599
"../../../../../../gamedev/UE4_project/Alexey/Content/Download/StarterContent/Textures/T_Detail_Rocky_N.uasset" 600
"../../../../../../gamedev/UE4_project/Alexey/Content/Download/StarterContent/Textures/T_Brick_Clay_New_N.uasset" 601
"../../../../../../gamedev/UE4_project/Alexey/Content/Download/StarterContent/Textures/T_Brick_Clay_New_M.uasset" 602
"../../../../../../gamedev/UE4_project/Alexey/Content/Download/StarterContent/Textures/T_Brick_Clay_New_D.uasset" 603
"../../../../../../gamedev/UE4_project/Alexey/Content/Download/StarterContent/Materials/M_Brick_Clay_New.uasset" 604
"../../../../../../gamedev/UE4_project/Alexey/Content/Alexey/Levels/NewMap_sharedassets/Sand_LayerInfo.uasset" 605
"../../../../../../gamedev/UE4_project/Alexey/Content/Alexey/Levels/NewMap_sharedassets/Grass_LayerInfo.uasset" 606
"../../../../../../gamedev/UE4_project/Alexey/Content/Alexey/Levels/NewMap_sharedassets/Glay_LayerInfo.uasset" 607
"../../../../../../gamedev/UE4_project/Alexey/Content/Download/StarterContent/Textures/T_Spark_Core.uasset" 608
"../../../../../../gamedev/UE4_project/Alexey/Content/Download/StarterContent/Particles/Materials/M_Spark.uasset" 609
"../../../../../../gamedev/UE4_project/Alexey/Content/Download/StarterContent/Particles/P_Sparks.uasset" 610
"../../../Engine/Content/EditorMeshes/ColorCalibrator/M_ChromeBall.uasset" 611
"../../../../../../gamedev/UE4_project/Alexey/Content/Alexey/Weapon/LaserGun.uasset" 612
"../../../../../../gamedev/UE4_project/Alexey/Content/Download/StarterContent/Textures/T_Frame_N.uasset" 613
"../../../../../../gamedev/UE4_project/Alexey/Content/Download/StarterContent/Textures/T_Frame_M.uasset" 614
"../../../../../../gamedev/UE4_project/Alexey/Content/Download/StarterContent/Props/Materials/M_Frame.uasset" 615
"../../../../../../gamedev/UE4_project/Alexey/Content/Download/StarterContent/Props/SM_DoorFrame.uasset" 616
"../../../../../../gamedev/UE4_project/Alexey/Content/Download/StarterContent/Textures/T_Door_N.uasset" 617
"../../../../../../gamedev/UE4_project/Alexey/Content/Download/StarterContent/Textures/T_Door_M.uasset" 618
"../../../../../../gamedev/UE4_project/Alexey/Content/Download/StarterContent/Props/Materials/M_Door.uasset" 619
"../../../../../../gamedev/UE4_project/Alexey/Content/Download/StarterContent/Materials/M_Glass.uasset" 620
"../../../../../../gamedev/UE4_project/Alexey/Content/Download/StarterContent/Props/SM_Door.uasset" 621
"../../../../../../gamedev/UE4_project/Alexey/Content/Alexey/Interaction/DoorBase.uasset" 622
"../../../../../../gamedev/UE4_project/Alexey/Content/Alexey/AI/MyTP.uasset" 623
"../../../../../../gamedev/UE4_project/Alexey/Content/Download/StarterContent/Textures/T_Fire_Tiled_D_Mat.uasset" 624
"../../../../../../gamedev/UE4_project/Alexey/Content/Alexey/AI/MainAIController.uasset" 625
"../../../Engine/Content/VREditor/Devices/Vive/ViveControllerDiffuse.uasset" 626
"../../../Engine/Content/VREditor/Devices/Vive/ViveControllerMaterial.uasset" 627
"../../../../../../gamedev/UE4_project/Alexey/Content/Alexey/AI/MainAI.uasset" 628
"../../../../../../gamedev/UE4_project/Alexey/Content/Alexey/AI/AiRed.uasset" 629
"../../../Engine/Content/EngineDebugMaterials/VertexColorViewMode_BlueOnly.uasset" 630
"../../../../../../gamedev/UE4_project/Alexey/Content/Alexey/AI/AiBlue.uasset" 631
"../../../../../../gamedev/UE4_project/Alexey/Content/Download/StarterContent/Textures/T_Rock_Sandstone_N.uasset" 632
"../../../../../../gamedev/UE4_project/Alexey/Content/Download/StarterContent/Textures/T_Rock_Sandstone_D.uasset" 633
"../../../../../../gamedev/UE4_project/Alexey/Content/Download/StarterContent/Textures/T_Metal_Rust_N.uasset" 634
"../../../../../../gamedev/UE4_project/Alexey/Content/Download/StarterContent/Textures/T_Metal_Rust_D.uasset" 635
"../../../../../../gamedev/UE4_project/Alexey/Content/Download/StarterContent/Textures/T_Ground_Moss_N.uasset" 636
"../../../../../../gamedev/UE4_project/Alexey/Content/Download/StarterContent/Textures/T_ground_Moss_D.uasset" 637
"../../../Engine/Content/EngineMaterials/WeightMapPlaceholderTexture.uasset" 638
"../../../../../../gamedev/UE4_project/Alexey/Content/Alexey/Levels/LandScapeMaster.uasset" 639
"../../../Engine/Content/BasicShapes/Plane.uasset" 640
"../../../../../../gamedev/UE4_project/Alexey/Content/Alexey/Interaction/Switchpoint.uasset" 641
"../../../Engine/Content/BasicShapes/Sphere.uasset" 642
"../../../../../../gamedev/UE4_project/Alexey/Content/Alexey/Interaction/Sphere.uasset" 643
"../../../../../../gamedev/UE4_project/Alexey/Content/Download/Geometry/Meshes/CubeMaterial.uasset" 644
"../../../../../../gamedev/UE4_project/Alexey/Content/Download/Geometry/Meshes/1M_Cube.uasset" 645
"../../../../../../gamedev/UE4_project/Alexey/Content/Alexey/Interaction/OpenLVL.uasset" 646
"../../../../../../gamedev/UE4_project/Alexey/Content/Download/StarterContent/Materials/M_AssetPlatform.uasset" 647
"../../../../../../gamedev/UE4_project/Alexey/Content/Download/StarterContent/Architecture/SM_AssetPlatform.uasset" 648
"../../../../../../gamedev/UE4_project/Alexey/Content/Alexey/Interaction/ElevatorBase.uasset" 649
"../../../../../../gamedev/UE4_project/Alexey/Content/Alexey/Interaction/KolhozPortal.uasset" 650
"../../../../../../gamedev/UE4_project/Alexey/Content/Alexey/Interaction/HoverPlatform.uasset" 651
"../../../../../../gamedev/UE4_project/Alexey/Content/Alexey/Interaction/Fire.uasset" 652
"../../../../../../gamedev/UE4_project/Alexey/Content/Download/StarterContent/Props/SM_PillarFrame300.uasset" 653
"../../../../../../gamedev/UE4_project/Alexey/Content/Alexey/Interaction/Fan.uasset" 654
"../../../../../../gamedev/UE4_project/Alexey/Content/Download/StarterContent/Textures/T_Lamp_N.uasset" 655
"../../../../../../gamedev/UE4_project/Alexey/Content/Download/StarterContent/Textures/T_Lamp_M.uasset" 656
"../../../../../../gamedev/UE4_project/Alexey/Content/Download/StarterContent/Props/Materials/M_Lamp.uasset" 657
"../../../../../../gamedev/UE4_project/Alexey/Content/Download/StarterContent/Props/SM_Lamp_Ceiling.uasset" 658
"../../../../../../gamedev/UE4_project/Alexey/Content/Alexey/Interaction/BaseLamp.uasset" 659
"../../../../../../gamedev/UE4_project/Alexey/Content/Alexey/Damage/VoidZone.uasset" 660
"../../../../../../gamedev/UE4_project/Alexey/Content/Alexey/Levels/LvlDesign/VoidLvldes.uasset" 661
"../../../../../../gamedev/UE4_project/Alexey/Content/Alexey/Character/Char2.uasset" 662
"../../../Engine/Content/MapTemplates/SM_Template_Map_Floor.uasset" 663
"../../../Engine/Content/EngineSky/T_Sky_Stars.uasset" 664
"../../../Engine/Content/EngineSky/T_Sky_Clouds_M.uasset" 665
"../../../Engine/Content/EngineSky/T_Sky_Blue.uasset" 666
"../../../Engine/Content/EngineSky/M_Sky_Panning_Clouds2.uasset" 667
"../../../Engine/Content/EngineSky/SM_SkySphere.uasset" 668
"../../../Engine/Content/EngineSky/C_Sky_Zenith_Color.uasset" 669
"../../../Engine/Content/EngineSky/C_Sky_Horizon_Color.uasset" 670
"../../../Engine/Content/EngineSky/C_Sky_Cloud_Color.uasset" 671
"../../../Engine/Content/EngineSky/BP_Sky_Sphere.uasset" 672
"../../../Engine/Content/BufferVisualization/BaseColor.uasset" 673
"../../../Engine/Content/BasicShapes/Cone.uasset" 674
"../../../../../../gamedev/UE4_project/Alexey/Content/Alexey/Levels/NewMap.umap" 675
"../../../Engine/Content/VREditor/LaserPointer/LaserPointerMaterialInst.uasset" 676
"../../../../../../gamedev/UE4_project/Alexey/Content/Alexey/Levels/LvlDesign/Morgenshtern.uasset" 677
"../../../../../../gamedev/UE4_project/Alexey/Content/Download/StarterContent/Architecture/Wall_400x400.uasset" 678
"../../../Engine/Content/EngineMeshes/Cylinder.uasset" 679
"../../../Engine/Content/EngineDebugMaterials/VertexColorViewMode_RedOnly.uasset" 680
"../../../../../../gamedev/UE4_project/Alexey/Content/Alexey/Levels/LvlDesign/Wall.uasset" 681
"../../../../../../gamedev/UE4_project/Alexey/Content/Alexey/Levels/LvlDesign/LaserGunLvldis.uasset" 682
"../../../../../../gamedev/UE4_project/Alexey/Content/Download/StarterContent/Architecture/Wall_500x500.uasset" 683
"../../../Engine/Content/VREditor/LaserPointer/M_LaserPointer-Core.uasset" 684
"../../../../../../gamedev/UE4_project/Alexey/Content/Alexey/Levels/LvlDesign/LowDMGfloor.uasset" 685
"../../Plugins/Enterprise/DatasmithContent/Content/Materials/FBXImporter/DeltaGenMasterAbsorb.uasset" 686
"../../../../../../gamedev/UE4_project/Alexey/Content/Alexey/Levels/LvlDesign/HealFloor.uasset" 687
"../../../../../../gamedev/UE4_project/Alexey/Content/Alexey/Levels/LvlDesign/LvlDesign.umap" 688
